-encoding
UTF-8
-outxml
-source
1.6
-target
1.6
-classpath
/Users/keith/.m2/repository/aopalliance/aopalliance/1.0/aopalliance-1.0.jar:/Users/keith/.m2/repository/cglib/cglib-nodep/2.2.2/cglib-nodep-2.2.2.jar:/Users/keith/.m2/repository/com/h2database/h2/1.3.170/h2-1.3.170.jar:/Users/keith/.m2/repository/commonj/sdo/commonj.sdo/2.1.1.v201112051852/commonj.sdo-2.1.1.v201112051852.jar:/Users/keith/.m2/repository/commons-beanutils/commons-beanutils/1.8.3/commons-beanutils-1.8.3.jar:/Users/keith/.m2/repository/commons-codec/commons-codec/1.5/commons-codec-1.5.jar:/Users/keith/.m2/repository/commons-dbcp/commons-dbcp/1.3/commons-dbcp-1.3.jar:/Users/keith/.m2/repository/commons-digester/commons-digester/2.1/commons-digester-2.1.jar:/Users/keith/.m2/repository/commons-fileupload/commons-fileupload/1.2.2/commons-fileupload-1.2.2.jar:/Users/keith/.m2/repository/commons-io/commons-io/2.1/commons-io-2.1.jar:/Users/keith/.m2/repository/commons-pool/commons-pool/1.5.6/commons-pool-1.5.6.jar:/Users/keith/.m2/repository/javax/el/el-api/2.2/el-api-2.2.jar:/Users/keith/.m2/repository/javax/servlet/servlet-api/2.5/servlet-api-2.5.jar:/Users/keith/.m2/repository/javax/servlet/jsp/jsp-api/2.1/jsp-api-2.1.jar:/Users/keith/.m2/repository/javax/servlet/jsp/jstl/jstl-api/1.2/jstl-api-1.2.jar:/Users/keith/.m2/repository/javax/transaction/jta/1.1/jta-1.1.jar:/Users/keith/.m2/repository/javax/validation/validation-api/1.0.0.GA/validation-api-1.0.0.GA.jar:/Users/keith/.m2/repository/joda-time/joda-time/1.6/joda-time-1.6.jar:/Users/keith/.m2/repository/junit/junit/4.10/junit-4.10.jar:/Users/keith/.m2/repository/log4j/log4j/1.2.16/log4j-1.2.16.jar:/Users/keith/.m2/repository/net/sf/flexjson/flexjson/2.1/flexjson-2.1.jar:/Users/keith/.m2/repository/org/apache/commons/commons-lang3/3.1/commons-lang3-3.1.jar:/Users/keith/.m2/repository/org/apache/tiles/tiles-api/2.2.2/tiles-api-2.2.2.jar:/Users/keith/.m2/repository/org/apache/tiles/tiles-core/2.2.2/tiles-core-2.2.2.jar:/Users/keith/.m2/repository/org/apache/tiles/tiles-jsp/2.2.2/tiles-jsp-2.2.2.jar:/Users/keith/.m2/repository/org/apache/tiles/tiles-servlet/2.2.2/tiles-servlet-2.2.2.jar:/Users/keith/.m2/repository/org/apache/tiles/tiles-template/2.2.2/tiles-template-2.2.2.jar:/Users/keith/.m2/repository/org/aspectj/aspectjrt/1.7.0/aspectjrt-1.7.0.jar:/Users/keith/.m2/repository/org/aspectj/aspectjweaver/1.7.0/aspectjweaver-1.7.0.jar:/Users/keith/.m2/repository/org/eclipse/persistence/eclipselink/2.4.1/eclipselink-2.4.1.jar:/Users/keith/.m2/repository/org/eclipse/persistence/javax.persistence/2.0.4.v201112161009/javax.persistence-2.0.4.v201112161009.jar:/Users/keith/.m2/repository/org/glassfish/web/jstl-impl/1.2/jstl-impl-1.2.jar:/Users/keith/.m2/repository/org/hibernate/hibernate-validator/4.3.1.Final/hibernate-validator-4.3.1.Final.jar:/Users/keith/.m2/repository/org/jboss/logging/jboss-logging/3.1.0.CR2/jboss-logging-3.1.0.CR2.jar:/Users/keith/.m2/repository/org/slf4j/jcl-over-slf4j/1.7.2/jcl-over-slf4j-1.7.2.jar:/Users/keith/.m2/repository/org/slf4j/slf4j-api/1.7.2/slf4j-api-1.7.2.jar:/Users/keith/.m2/repository/org/slf4j/slf4j-log4j12/1.7.2/slf4j-log4j12-1.7.2.jar:/Users/keith/.m2/repository/org/springframework/spring-aop/3.2.0.RELEASE/spring-aop-3.2.0.RELEASE.jar:/Users/keith/.m2/repository/org/springframework/spring-aspects/3.2.0.RELEASE/spring-aspects-3.2.0.RELEASE.jar:/Users/keith/.m2/repository/org/springframework/spring-beans/3.2.0.RELEASE/spring-beans-3.2.0.RELEASE.jar:/Users/keith/.m2/repository/org/springframework/spring-context/3.2.0.RELEASE/spring-context-3.2.0.RELEASE.jar:/Users/keith/.m2/repository/org/springframework/spring-context-support/3.2.0.RELEASE/spring-context-support-3.2.0.RELEASE.jar:/Users/keith/.m2/repository/org/springframework/spring-core/3.2.0.RELEASE/spring-core-3.2.0.RELEASE.jar:/Users/keith/.m2/repository/org/springframework/spring-expression/3.2.0.RELEASE/spring-expression-3.2.0.RELEASE.jar:/Users/keith/.m2/repository/org/springframework/spring-jdbc/3.2.0.RELEASE/spring-jdbc-3.2.0.RELEASE.jar:/Users/keith/.m2/repository/org/springframework/spring-orm/3.2.0.RELEASE/spring-orm-3.2.0.RELEASE.jar:/Users/keith/.m2/repository/org/springframework/spring-test/3.2.0.RELEASE/spring-test-3.2.0.RELEASE.jar:/Users/keith/.m2/repository/org/springframework/spring-tx/3.2.0.RELEASE/spring-tx-3.2.0.RELEASE.jar:/Users/keith/.m2/repository/org/springframework/spring-web/3.2.0.RELEASE/spring-web-3.2.0.RELEASE.jar:/Users/keith/.m2/repository/org/springframework/spring-webmvc/3.2.0.RELEASE/spring-webmvc-3.2.0.RELEASE.jar:/Users/keith/.m2/repository/org/springframework/data/spring-data-commons-core/1.4.0.RELEASE/spring-data-commons-core-1.4.0.RELEASE.jar:/Users/keith/.m2/repository/org/springframework/data/spring-data-jpa/1.2.0.RELEASE/spring-data-jpa-1.2.0.RELEASE.jar:/Users/keith/.m2/repository/org/springframework/roo/org.springframework.roo.annotations/1.2.3.RELEASE/org.springframework.roo.annotations-1.2.3.RELEASE.jar:/Users/keith/.m2/repository/org/springframework/webflow/spring-js-resources/2.2.1.RELEASE/spring-js-resources-2.2.1.RELEASE.jar:/Users/keith/Dropbox/Courses/oodp/2013/code/pizzashop/target/classes
-aspectpath
/Users/keith/.m2/repository/org/springframework/spring-aspects/3.2.0.RELEASE/spring-aspects-3.2.0.RELEASE.jar
-d
/Users/keith/Dropbox/Courses/oodp/2013/code/pizzashop/target/classes
/Users/keith/Dropbox/Courses/oodp/2013/code/pizzashop/src/main/java/com/springsource/pizzashop/domain/Topping_Roo_Jpa_Entity.aj
/Users/keith/Dropbox/Courses/oodp/2013/code/pizzashop/src/main/java/com/springsource/pizzashop/service/ToppingServiceImpl.java
/Users/keith/Dropbox/Courses/oodp/2013/code/pizzashop/src/main/java/com/springsource/pizzashop/web/ToppingController.java
/Users/keith/Dropbox/Courses/oodp/2013/code/pizzashop/src/main/java/com/springsource/pizzashop/domain/PizzaOrderPk.java
/Users/keith/Dropbox/Courses/oodp/2013/code/pizzashop/src/main/java/com/springsource/pizzashop/service/ToppingService_Roo_Service.aj
/Users/keith/Dropbox/Courses/oodp/2013/code/pizzashop/src/main/java/com/springsource/pizzashop/domain/Pizza_Roo_JavaBean.aj
/Users/keith/Dropbox/Courses/oodp/2013/code/pizzashop/src/main/java/com/springsource/pizzashop/service/ToppingService.java
/Users/keith/Dropbox/Courses/oodp/2013/code/pizzashop/src/main/java/com/springsource/pizzashop/domain/Base_Roo_ToString.aj
/Users/keith/Dropbox/Courses/oodp/2013/code/pizzashop/src/main/java/com/springsource/pizzashop/service/PizzaOrderService.java
/Users/keith/Dropbox/Courses/oodp/2013/code/pizzashop/src/main/java/com/springsource/pizzashop/repository/PizzaOrderRepository.java
/Users/keith/Dropbox/Courses/oodp/2013/code/pizzashop/src/main/java/com/springsource/pizzashop/repository/PizzaRepository.java
/Users/keith/Dropbox/Courses/oodp/2013/code/pizzashop/src/main/java/com/springsource/pizzashop/web/ToppingController_Roo_Controller.aj
/Users/keith/Dropbox/Courses/oodp/2013/code/pizzashop/src/main/java/com/springsource/pizzashop/web/PizzaController_Roo_Controller_Json.aj
/Users/keith/Dropbox/Courses/oodp/2013/code/pizzashop/src/main/java/com/springsource/pizzashop/domain/Topping.java
/Users/keith/Dropbox/Courses/oodp/2013/code/pizzashop/src/main/java/com/springsource/pizzashop/web/ApplicationConversionServiceFactoryBean_Roo_ConversionService.aj
/Users/keith/Dropbox/Courses/oodp/2013/code/pizzashop/src/main/java/com/springsource/pizzashop/domain/PizzaOrder_Roo_JavaBean.aj
/Users/keith/Dropbox/Courses/oodp/2013/code/pizzashop/src/main/java/com/springsource/pizzashop/repository/BaseRepository_Roo_Jpa_Repository.aj
/Users/keith/Dropbox/Courses/oodp/2013/code/pizzashop/src/main/java/com/springsource/pizzashop/domain/Pizza_Roo_ToString.aj
/Users/keith/Dropbox/Courses/oodp/2013/code/pizzashop/src/main/java/com/springsource/pizzashop/domain/Pizza.java
/Users/keith/Dropbox/Courses/oodp/2013/code/pizzashop/src/main/java/com/springsource/pizzashop/domain/Base_Roo_Jpa_Entity.aj
/Users/keith/Dropbox/Courses/oodp/2013/code/pizzashop/src/main/java/com/springsource/pizzashop/domain/PizzaOrder.java
/Users/keith/Dropbox/Courses/oodp/2013/code/pizzashop/src/main/java/com/springsource/pizzashop/service/PizzaService.java
/Users/keith/Dropbox/Courses/oodp/2013/code/pizzashop/src/main/java/com/springsource/pizzashop/domain/PizzaOrderPk_Roo_Equals.aj
/Users/keith/Dropbox/Courses/oodp/2013/code/pizzashop/src/main/java/com/springsource/pizzashop/domain/Topping_Roo_Json.aj
/Users/keith/Dropbox/Courses/oodp/2013/code/pizzashop/src/main/java/com/springsource/pizzashop/domain/Topping_Roo_JavaBean.aj
/Users/keith/Dropbox/Courses/oodp/2013/code/pizzashop/src/main/java/com/springsource/pizzashop/service/PizzaOrderServiceImpl.java
/Users/keith/Dropbox/Courses/oodp/2013/code/pizzashop/src/main/java/com/springsource/pizzashop/web/ToppingController_Roo_Controller_Json.aj
/Users/keith/Dropbox/Courses/oodp/2013/code/pizzashop/src/main/java/com/springsource/pizzashop/web/PizzaOrderController_Roo_Controller.aj
/Users/keith/Dropbox/Courses/oodp/2013/code/pizzashop/src/main/java/com/springsource/pizzashop/domain/PizzaOrderPk_Roo_ToString.aj
/Users/keith/Dropbox/Courses/oodp/2013/code/pizzashop/src/main/java/com/springsource/pizzashop/repository/ToppingRepository.java
/Users/keith/Dropbox/Courses/oodp/2013/code/pizzashop/src/main/java/com/springsource/pizzashop/web/PizzaController.java
/Users/keith/Dropbox/Courses/oodp/2013/code/pizzashop/src/main/java/com/springsource/pizzashop/domain/PizzaOrderPk_Roo_Json.aj
/Users/keith/Dropbox/Courses/oodp/2013/code/pizzashop/src/main/java/com/springsource/pizzashop/service/PizzaServiceImpl.java
/Users/keith/Dropbox/Courses/oodp/2013/code/pizzashop/src/main/java/com/springsource/pizzashop/domain/PizzaOrderPk_Roo_Serializable.aj
/Users/keith/Dropbox/Courses/oodp/2013/code/pizzashop/src/main/java/com/springsource/pizzashop/service/BaseService.java
/Users/keith/Dropbox/Courses/oodp/2013/code/pizzashop/src/main/java/com/springsource/pizzashop/service/BaseServiceImpl.java
/Users/keith/Dropbox/Courses/oodp/2013/code/pizzashop/src/main/java/com/springsource/pizzashop/domain/Topping_Roo_ToString.aj
/Users/keith/Dropbox/Courses/oodp/2013/code/pizzashop/src/main/java/com/springsource/pizzashop/repository/PizzaOrderRepository_Roo_Jpa_Repository.aj
/Users/keith/Dropbox/Courses/oodp/2013/code/pizzashop/src/main/java/com/springsource/pizzashop/domain/Pizza_Roo_Json.aj
/Users/keith/Dropbox/Courses/oodp/2013/code/pizzashop/src/main/java/com/springsource/pizzashop/service/BaseService_Roo_Service.aj
/Users/keith/Dropbox/Courses/oodp/2013/code/pizzashop/src/main/java/com/springsource/pizzashop/web/PizzaOrderController_Roo_Controller_Json.aj
/Users/keith/Dropbox/Courses/oodp/2013/code/pizzashop/src/main/java/com/springsource/pizzashop/web/PizzaController_Roo_Controller.aj
/Users/keith/Dropbox/Courses/oodp/2013/code/pizzashop/src/main/java/com/springsource/pizzashop/domain/PizzaOrderPk_Roo_Configurable.aj
/Users/keith/Dropbox/Courses/oodp/2013/code/pizzashop/src/main/java/com/springsource/pizzashop/service/PizzaOrderServiceImpl_Roo_Service.aj
/Users/keith/Dropbox/Courses/oodp/2013/code/pizzashop/src/main/java/com/springsource/pizzashop/web/PizzaOrderController.java
/Users/keith/Dropbox/Courses/oodp/2013/code/pizzashop/src/main/java/com/springsource/pizzashop/web/ApplicationConversionServiceFactoryBean.java
/Users/keith/Dropbox/Courses/oodp/2013/code/pizzashop/src/main/java/com/springsource/pizzashop/domain/PizzaOrder_Roo_ToString.aj
/Users/keith/Dropbox/Courses/oodp/2013/code/pizzashop/src/main/java/com/springsource/pizzashop/service/PizzaOrderService_Roo_Service.aj
/Users/keith/Dropbox/Courses/oodp/2013/code/pizzashop/src/main/java/com/springsource/pizzashop/service/PizzaServiceImpl_Roo_Service.aj
/Users/keith/Dropbox/Courses/oodp/2013/code/pizzashop/src/main/java/com/springsource/pizzashop/domain/Base_Roo_Json.aj
/Users/keith/Dropbox/Courses/oodp/2013/code/pizzashop/src/main/java/com/springsource/pizzashop/service/ToppingServiceImpl_Roo_Service.aj
/Users/keith/Dropbox/Courses/oodp/2013/code/pizzashop/src/main/java/com/springsource/pizzashop/domain/PizzaOrder_Roo_Jpa_Entity.aj
/Users/keith/Dropbox/Courses/oodp/2013/code/pizzashop/src/main/java/com/springsource/pizzashop/repository/PizzaRepository_Roo_Jpa_Repository.aj
/Users/keith/Dropbox/Courses/oodp/2013/code/pizzashop/src/main/java/com/springsource/pizzashop/web/BaseController.java
/Users/keith/Dropbox/Courses/oodp/2013/code/pizzashop/src/main/java/com/springsource/pizzashop/domain/PizzaOrderPk_Roo_Identifier.aj
/Users/keith/Dropbox/Courses/oodp/2013/code/pizzashop/src/main/java/com/springsource/pizzashop/domain/Pizza_Roo_Jpa_Entity.aj
/Users/keith/Dropbox/Courses/oodp/2013/code/pizzashop/src/main/java/com/springsource/pizzashop/web/BaseController_Roo_Controller_Json.aj
/Users/keith/Dropbox/Courses/oodp/2013/code/pizzashop/src/main/java/com/springsource/pizzashop/web/BaseController_Roo_Controller.aj
/Users/keith/Dropbox/Courses/oodp/2013/code/pizzashop/src/main/java/com/springsource/pizzashop/service/PizzaService_Roo_Service.aj
/Users/keith/Dropbox/Courses/oodp/2013/code/pizzashop/src/main/java/com/springsource/pizzashop/repository/ToppingRepository_Roo_Jpa_Repository.aj
/Users/keith/Dropbox/Courses/oodp/2013/code/pizzashop/src/main/java/com/springsource/pizzashop/service/BaseServiceImpl_Roo_Service.aj
/Users/keith/Dropbox/Courses/oodp/2013/code/pizzashop/src/main/java/com/springsource/pizzashop/domain/Base_Roo_JavaBean.aj
/Users/keith/Dropbox/Courses/oodp/2013/code/pizzashop/src/main/java/com/springsource/pizzashop/repository/BaseRepository.java
/Users/keith/Dropbox/Courses/oodp/2013/code/pizzashop/src/main/java/com/springsource/pizzashop/domain/PizzaOrder_Roo_Json.aj
/Users/keith/Dropbox/Courses/oodp/2013/code/pizzashop/src/main/java/com/springsource/pizzashop/domain/Base.java
